TN:
SF:src/config/db.ts
FN:12,(anonymous_8)
FN:21,(anonymous_9)
FN:21,(anonymous_10)
FNF:3
FNH:0
FNDA:0,(anonymous_8)
FNDA:0,(anonymous_9)
FNDA:0,(anonymous_10)
DA:1,2
DA:2,2
DA:4,2
DA:6,2
DA:8,2
DA:12,2
DA:13,0
DA:18,0
DA:21,2
DA:22,0
DA:23,0
DA:28,2
LF:12
LH:8
BRF:0
BRH:0
end_of_record
TN:
SF:src/config/swagger.ts
FNF:0
FNH:0
DA:1,1
DA:3,1
DA:22,1
DA:24,1
LF:4
LH:4
BRF:0
BRH:0
end_of_record
TN:
SF:src/middleware/apiDocs.ts
FN:7,(anonymous_1)
FNF:1
FNH:1
FNDA:1,(anonymous_1)
DA:2,1
DA:5,1
DA:7,1
DA:8,1
LF:4
LH:4
BRF:0
BRH:0
end_of_record
TN:
SF:src/middleware/checks.ts
FN:4,(anonymous_0)
FN:16,(anonymous_1)
FNF:2
FNH:1
FNDA:1,(anonymous_0)
FNDA:0,(anonymous_1)
DA:2,1
DA:4,1
DA:9,1
DA:10,1
DA:12,0
DA:16,1
DA:21,0
DA:22,0
DA:24,0
LF:9
LH:5
BRDA:9,0,0,1
BRDA:9,0,1,0
BRDA:21,1,0,0
BRDA:21,1,1,0
BRF:4
BRH:1
end_of_record
TN:
SF:src/middleware/common.ts
FN:6,(anonymous_1)
FN:9,(anonymous_2)
FN:14,(anonymous_3)
FNF:3
FNH:3
FNDA:1,(anonymous_1)
FNDA:1,(anonymous_2)
FNDA:1,(anonymous_3)
DA:2,1
DA:3,1
DA:4,1
DA:6,1
DA:7,1
DA:9,1
DA:10,1
DA:11,1
DA:14,1
DA:15,1
LF:10
LH:10
BRF:0
BRH:0
end_of_record
TN:
SF:src/middleware/errorHandlers.ts
FN:5,(anonymous_6)
FN:6,(anonymous_7)
FN:13,(anonymous_8)
FN:15,(anonymous_9)
FN:24,(anonymous_10)
FN:25,(anonymous_11)
FNF:6
FNH:5
FNDA:1,(anonymous_6)
FNDA:1,(anonymous_7)
FNDA:1,(anonymous_8)
FNDA:2,(anonymous_9)
FNDA:1,(anonymous_10)
FNDA:0,(anonymous_11)
DA:2,1
DA:3,1
DA:5,1
DA:6,1
DA:7,1
DA:13,1
DA:14,1
DA:16,2
DA:17,0
DA:19,2
DA:24,1
DA:25,1
DA:26,0
DA:30,1
LF:14
LH:12
BRDA:16,0,0,0
BRDA:16,0,1,2
BRF:2
BRH:1
end_of_record
TN:
SF:src/middleware/index.ts
FNF:0
FNH:0
DA:1,1
DA:7,1
DA:9,1
LF:3
LH:3
BRF:0
BRH:0
end_of_record
TN:
SF:src/services/users/routes.ts
FNF:0
FNH:0
DA:1,1
DA:2,1
DA:4,1
DA:5,1
LF:4
LH:4
BRF:0
BRH:0
end_of_record
TN:
SF:src/services/users/usersController.ts
FN:7,(anonymous_8)
FN:14,(anonymous_10)
FN:21,(anonymous_12)
FN:27,(anonymous_14)
FNF:4
FNH:4
FNDA:1,(anonymous_8)
FNDA:1,(anonymous_10)
FNDA:1,(anonymous_12)
FNDA:1,(anonymous_14)
DA:2,2
DA:8,1
DA:9,1
DA:11,1
DA:15,1
DA:16,1
DA:18,1
DA:22,1
DA:24,1
DA:28,1
DA:29,1
DA:31,1
DA:35,2
LF:13
LH:13
BRF:0
BRH:0
end_of_record
TN:
SF:src/services/users/usersService.ts
FN:7,(anonymous_8)
FN:20,(anonymous_10)
FN:30,(anonymous_12)
FN:39,(anonymous_14)
FN:40,(anonymous_16)
FN:47,(anonymous_17)
FNF:6
FNH:6
FNDA:1,(anonymous_8)
FNDA:2,(anonymous_10)
FNDA:2,(anonymous_12)
FNDA:1,(anonymous_14)
FNDA:4,(anonymous_16)
FNDA:4,(anonymous_17)
DA:1,2
DA:2,2
DA:8,1
DA:10,1
DA:17,1
DA:21,2
DA:27,2
DA:31,2
DA:34,2
DA:36,2
DA:40,4
DA:41,1
DA:47,4
DA:50,1
DA:56,1
DA:57,1
DA:60,0
DA:64,2
LF:18
LH:17
BRDA:27,0,0,2
BRDA:27,0,1,1
BRDA:36,1,0,2
BRDA:36,1,1,0
BRDA:40,2,0,3
BRDA:40,2,1,1
BRDA:40,3,0,4
BRDA:40,3,1,4
BRDA:56,4,0,1
BRDA:56,4,1,0
BRF:10
BRH:8
end_of_record
TN:
SF:src/utils/ErrorHandler.ts
FN:4,(anonymous_0)
FN:8,(anonymous_1)
FN:17,(anonymous_2)
FNF:3
FNH:2
FNDA:1,(anonymous_0)
FNDA:2,(anonymous_1)
FNDA:0,(anonymous_2)
DA:2,1
DA:4,1
DA:5,1
DA:8,1
DA:9,2
DA:10,2
DA:11,2
DA:13,0
DA:17,1
DA:18,0
DA:19,0
DA:20,0
DA:22,0
LF:13
LH:8
BRDA:9,0,0,2
BRDA:9,0,1,0
BRDA:19,1,0,0
BRDA:19,1,1,0
BRF:4
BRH:1
end_of_record
TN:
SF:src/utils/HttpErrors.ts
FN:5,(anonymous_0)
FN:19,(anonymous_1)
FN:27,(anonymous_2)
FN:35,(anonymous_3)
FN:43,(anonymous_4)
FNF:5
FNH:3
FNDA:2,(anonymous_0)
FNDA:1,(anonymous_1)
FNDA:0,(anonymous_2)
FNDA:0,(anonymous_3)
FNDA:1,(anonymous_4)
DA:1,1
DA:6,2
DA:7,0
DA:9,2
DA:11,2
DA:12,2
DA:16,1
DA:17,1
DA:20,1
DA:24,1
DA:25,0
DA:28,0
DA:32,1
DA:33,0
DA:36,0
DA:40,1
DA:41,1
DA:44,1
LF:18
LH:13
BRDA:6,0,0,0
BRDA:6,0,1,2
BRDA:19,1,0,0
BRDA:27,2,0,0
BRDA:35,3,0,0
BRDA:43,4,0,0
BRF:6
BRH:1
end_of_record
TN:
SF:src/utils/index.ts
FN:5,(anonymous_0)
FN:26,(anonymous_1)
FNF:2
FNH:2
FNDA:2,(anonymous_0)
FNDA:1,(anonymous_1)
DA:5,1
DA:9,2
DA:10,7
DA:26,1
DA:27,1
DA:28,4
DA:29,4
LF:7
LH:7
BRF:0
BRH:0
end_of_record
